Using pre-set license
Built from '2020.2/release' branch; Version is '2020.2.1f1 (270dd8c3da1c) revision 2559448'; Using compiler version '192528614'; Build Type 'Release'
OS: 'Windows 10  (10.0.0) 64bit' Language: 'en' Physical Memory: 16119 MB
BatchMode: 1, IsHumanControllingUs: 0, StartBugReporterOnCrash: 0, Is64bit: 1, IsPro: 0

 COMMAND LINE ARGUMENTS:
C:\Program Files\Unity\Hub\Editor\2020.2.1f1\Editor\Unity.exe
-adb2
-batchMode
-noUpm
-name
AssetImportWorker0
-projectPath
D:/SFU/13th Term - 2021 SPRING/IAT 445/Assignment1/445-Assignment-1/New Unity Project
-logFile
Logs/AssetImportWorker0.log
-srvPort
52056
Successfully changed project path to: D:/SFU/13th Term - 2021 SPRING/IAT 445/Assignment1/445-Assignment-1/New Unity Project
D:/SFU/13th Term - 2021 SPRING/IAT 445/Assignment1/445-Assignment-1/New Unity Project
Using Asset Import Pipeline V2.
Refreshing native plugins compatible for Editor in 69.15 ms, found 0 plugins.
Preloading 0 native plugins for Editor in 0.00 ms.
Initialize engine version: 2020.2.1f1 (270dd8c3da1c)
[Subsystems] Discovering subsystems at path C:/Program Files/Unity/Hub/Editor/2020.2.1f1/Editor/Data/Resources/UnitySubsystems
[Subsystems] Discovering subsystems at path D:/SFU/13th Term - 2021 SPRING/IAT 445/Assignment1/445-Assignment-1/New Unity Project/Assets
GfxDevice: creating device client; threaded=0
Direct3D:
    Version:  Direct3D 11.0 [level 11.1]
    Renderer: NVIDIA GeForce GTX 1050 Ti with Max-Q Design (ID=0x1c8c)
    Vendor:   
    VRAM:     4021 MB
    Driver:   27.21.14.6109
Initialize mono
Mono path[0] = 'C:/Program Files/Unity/Hub/Editor/2020.2.1f1/Editor/Data/Managed'
Mono path[1] = 'C:/Program Files/Unity/Hub/Editor/2020.2.1f1/Editor/Data/MonoBleedingEdge/lib/mono/unityjit'
Mono config path = 'C:/Program Files/Unity/Hub/Editor/2020.2.1f1/Editor/Data/MonoBleedingEdge/etc'
Using monoOptions --debugger-agent=transport=dt_socket,embedding=1,server=y,suspend=n,address=127.0.0.1:56564
Begin MonoManager ReloadAssembly
Registering precompiled unity dll's ...
Register platform support module: C:/Program Files/Unity/Hub/Editor/2020.2.1f1/Editor/Data/PlaybackEngines/WebGLSupport/UnityEditor.WebGL.Extensions.dll
Register platform support module: C:/Program Files/Unity/Hub/Editor/2020.2.1f1/Editor/Data/PlaybackEngines/MacStandaloneSupport/UnityEditor.OSXStandalone.Extensions.dll
Register platform support module: C:/Program Files/Unity/Hub/Editor/2020.2.1f1/Editor/Data/PlaybackEngines/WindowsStandaloneSupport/UnityEditor.WindowsStandalone.Extensions.dll
Registered in 0.007335 seconds.
Native extension for WindowsStandalone target not found
Native extension for OSXStandalone target not found
Native extension for WebGL target not found
Refreshing native plugins compatible for Editor in 53.92 ms, found 0 plugins.
Preloading 0 native plugins for Editor in 0.00 ms.
Invoked RoslynAnalysisRunner static constructor.
RoslynAnalysisRunner will not be running.
RoslynAnalysisRunner has terminated.
Mono: successfully reloaded assembly
- Completed reload, in  3.874 seconds
Platform modules already initialized, skipping
Registering precompiled user dll's ...
Registered in 0.001091 seconds.
Begin MonoManager ReloadAssembly
Native extension for WindowsStandalone target not found
Native extension for OSXStandalone target not found
Native extension for WebGL target not found
Refreshing native plugins compatible for Editor in 0.37 ms, found 0 plugins.
Preloading 0 native plugins for Editor in 0.00 ms.
Invoked RoslynAnalysisRunner static constructor.
RoslynAnalysisRunner will not be running.
RoslynAnalysisRunner has terminated.
Mono: successfully reloaded assembly
- Completed reload, in  1.393 seconds
Platform modules already initialized, skipping
========================================================================
Worker process is ready to serve import requests
Launched and connected shader compiler UnityShaderCompiler.exe after 0.11 seconds
Refreshing native plugins compatible for Editor in 0.46 ms, found 0 plugins.
Preloading 0 native plugins for Editor in 0.00 ms.
Unloading 1590 Unused Serialized files (Serialized files now loaded: 0)
System memory in use before: 103.9 MB.
System memory in use after: 103.6 MB.

Unloading 73 unused Assets to reduce memory usage. Loaded Objects now: 2050.
Total: 3.767100 ms (FindLiveObjects: 0.227500 ms CreateObjectMapping: 0.102300 ms MarkObjects: 2.674300 ms  DeleteObjects: 0.761200 ms)

========================================================================
Received Import Request.
  path: Assets/Textures/Roof_Tiles_Terracotta_006_basecolor.jpg
  artifactKey: Guid(f7f6784ae24e95d4195cd53699805c13) Importer(815301076,1909f56bfc062723c751e8b465ee728b)
Start importing Assets/Textures/Roof_Tiles_Terracotta_006_basecolor.jpg using Guid(f7f6784ae24e95d4195cd53699805c13) Importer(815301076,1909f56bfc062723c751e8b465ee728b)  -> (artifact id: 'c33abb00a9cd8e8bd1bd0ffde0abbf63') in 0.197712 seconds
  Import took 0.201663 seconds .

========================================================================
Received Import Request.
  Time since last request: 0.000371 seconds.
  path: Assets/Textures/Wood_Roof_Tiles_001_DISP.png
  artifactKey: Guid(5e4b1ba0fc7a9f34f8e59c2acaf09775) Importer(815301076,1909f56bfc062723c751e8b465ee728b)
Start importing Assets/Textures/Wood_Roof_Tiles_001_DISP.png using Guid(5e4b1ba0fc7a9f34f8e59c2acaf09775) Importer(815301076,1909f56bfc062723c751e8b465ee728b)  -> (artifact id: '4dccdc2bed8f0577549a1f396d069085') in 0.045431 seconds
  Import took 0.052276 seconds .

========================================================================
Received Import Request.
  Time since last request: 0.000314 seconds.
  path: Assets/Textures/Roof_Tiles_Terracotta_006_normal.jpg
  artifactKey: Guid(179c2a0c390f78346b6d63509a9a34b3) Importer(815301076,1909f56bfc062723c751e8b465ee728b)
Start importing Assets/Textures/Roof_Tiles_Terracotta_006_normal.jpg using Guid(179c2a0c390f78346b6d63509a9a34b3) Importer(815301076,1909f56bfc062723c751e8b465ee728b)  -> (artifact id: '6d8ca8e5aacaf5566d0a5b042d39e13c') in 0.156984 seconds
  Import took 0.163650 seconds .

========================================================================
Received Import Request.
  Time since last request: 0.000322 seconds.
  path: Assets/Textures/Wood_Roof_Tiles_001_COLOR.jpg
  artifactKey: Guid(b413d361386cc5f4ca52c222ba053794) Importer(815301076,1909f56bfc062723c751e8b465ee728b)
Start importing Assets/Textures/Wood_Roof_Tiles_001_COLOR.jpg using Guid(b413d361386cc5f4ca52c222ba053794) Importer(815301076,1909f56bfc062723c751e8b465ee728b)  -> (artifact id: '1314d9566c68dc4daf70a41be4654d32') in 0.035813 seconds
  Import took 0.041747 seconds .

========================================================================
Received Import Request.
  Time since last request: 0.000408 seconds.
  path: Assets/Textures/Wood_Roof_Tiles_001_OCC.jpg
  artifactKey: Guid(31c5eb5c4137e4544abaa2f0d864ad2c) Importer(815301076,1909f56bfc062723c751e8b465ee728b)
Start importing Assets/Textures/Wood_Roof_Tiles_001_OCC.jpg using Guid(31c5eb5c4137e4544abaa2f0d864ad2c) Importer(815301076,1909f56bfc062723c751e8b465ee728b)  -> (artifact id: 'f57dbc68bce5ecda2a9176b74baa5a74') in 0.040214 seconds
  Import took 0.047588 seconds .

========================================================================
Received Import Request.
  Time since last request: 0.000403 seconds.
  path: Assets/Textures/Roof_Tiles_Terracotta_006_roughness.jpg
  artifactKey: Guid(bd0d55b75fce2db458c109c0433a1162) Importer(815301076,1909f56bfc062723c751e8b465ee728b)
Start importing Assets/Textures/Roof_Tiles_Terracotta_006_roughness.jpg using Guid(bd0d55b75fce2db458c109c0433a1162) Importer(815301076,1909f56bfc062723c751e8b465ee728b)  -> (artifact id: '63cb498334654dced64218f7546006cb') in 0.038689 seconds
  Import took 0.048892 seconds .

========================================================================
Received Import Request.
  Time since last request: 0.000311 seconds.
  path: Assets/Textures/Stylized_Stone_Floor_002_normal.jpg
  artifactKey: Guid(6f40308c5ebeefd4285beae07fc036ff) Importer(815301076,1909f56bfc062723c751e8b465ee728b)
Start importing Assets/Textures/Stylized_Stone_Floor_002_normal.jpg using Guid(6f40308c5ebeefd4285beae07fc036ff) Importer(815301076,1909f56bfc062723c751e8b465ee728b)  -> (artifact id: '3979a820a3497374c6ffc25eea180e4a') in 0.049369 seconds
  Import took 0.057219 seconds .

========================================================================
Received Import Request.
  Time since last request: 0.000356 seconds.
  path: Assets/Textures/Stylized_Stone_Floor_002_roughness.jpg
  artifactKey: Guid(51413ad9d318dbc4ca3b21a3b6865149) Importer(815301076,1909f56bfc062723c751e8b465ee728b)
Start importing Assets/Textures/Stylized_Stone_Floor_002_roughness.jpg using Guid(51413ad9d318dbc4ca3b21a3b6865149) Importer(815301076,1909f56bfc062723c751e8b465ee728b)  -> (artifact id: 'adc470e345023ec6024f79bb23605563') in 0.049922 seconds
  Import took 0.057156 seconds .

========================================================================
Received Import Request.
  Time since last request: 0.000429 seconds.
  path: Assets/Textures/Roof_Tiles_Terracotta_006_ambientOcclusion.jpg
  artifactKey: Guid(226d01e812a6ca34c80aa7f60f0d1ab6) Importer(815301076,1909f56bfc062723c751e8b465ee728b)
Start importing Assets/Textures/Roof_Tiles_Terracotta_006_ambientOcclusion.jpg using Guid(226d01e812a6ca34c80aa7f60f0d1ab6) Importer(815301076,1909f56bfc062723c751e8b465ee728b)  -> (artifact id: '2a5aef0c3f32c0ed382f2fdf9afe3e51') in 0.048919 seconds
  Import took 0.057554 seconds .

========================================================================
Received Import Request.
  Time since last request: 0.000445 seconds.
  path: Assets/Textures/Stylized_Stone_Floor_002_basecolor.jpg
  artifactKey: Guid(68a7247df14524647b768919c5e7d3e7) Importer(815301076,1909f56bfc062723c751e8b465ee728b)
Start importing Assets/Textures/Stylized_Stone_Floor_002_basecolor.jpg using Guid(68a7247df14524647b768919c5e7d3e7) Importer(815301076,1909f56bfc062723c751e8b465ee728b)  -> (artifact id: 'b7f1cd7db9578f581b18886640bf7589') in 0.042534 seconds
  Import took 0.050483 seconds .

========================================================================
Received Import Request.
  Time since last request: 0.000343 seconds.
  path: Assets/Textures/Wood_Wall_001_NORM.jpg
  artifactKey: Guid(e672ce805cd2d7543945996cc3ca587f) Importer(815301076,1909f56bfc062723c751e8b465ee728b)
Start importing Assets/Textures/Wood_Wall_001_NORM.jpg using Guid(e672ce805cd2d7543945996cc3ca587f) Importer(815301076,1909f56bfc062723c751e8b465ee728b)  -> (artifact id: '0c5a1c4155553b3e2b0d5acfcc11f800') in 0.062427 seconds
  Import took 0.069494 seconds .

========================================================================
Received Import Request.
  Time since last request: 0.000352 seconds.
  path: Assets/Textures/Wood_Roof_Tiles_001_ROUGH.jpg
  artifactKey: Guid(d25748b6f4155f64d85fa12019275664) Importer(815301076,1909f56bfc062723c751e8b465ee728b)
Start importing Assets/Textures/Wood_Roof_Tiles_001_ROUGH.jpg using Guid(d25748b6f4155f64d85fa12019275664) Importer(815301076,1909f56bfc062723c751e8b465ee728b)  -> (artifact id: '9ba0a758bbea161718a17154fd77b3aa') in 0.050423 seconds
  Import took 0.056282 seconds .

========================================================================
Received Import Request.
  Time since last request: 0.000787 seconds.
  path: Assets/Textures/Stylized_Stone_Floor_002_ambientOcclusion.jpg
  artifactKey: Guid(69212cd186e4f9648a59e73172a2b652) Importer(815301076,1909f56bfc062723c751e8b465ee728b)
Start importing Assets/Textures/Stylized_Stone_Floor_002_ambientOcclusion.jpg using Guid(69212cd186e4f9648a59e73172a2b652) Importer(815301076,1909f56bfc062723c751e8b465ee728b)  -> (artifact id: 'dacd5842a626fcaa6d9eefc8f42b35c7') in 0.041657 seconds
  Import took 0.053949 seconds .

========================================================================
Received Import Request.
  Time since last request: 0.000356 seconds.
  path: Assets/Textures/Stylized_Stone_Floor_002_height.png
  artifactKey: Guid(f3479618df8bb2b4ca205a44d16b4976) Importer(815301076,1909f56bfc062723c751e8b465ee728b)
Start importing Assets/Textures/Stylized_Stone_Floor_002_height.png using Guid(f3479618df8bb2b4ca205a44d16b4976) Importer(815301076,1909f56bfc062723c751e8b465ee728b)  -> (artifact id: 'e76ebbd8b5ca637bb6273fb3f3b1d984') in 0.053753 seconds
  Import took 0.060377 seconds .

========================================================================
Received Import Request.
  Time since last request: 0.000440 seconds.
  path: Assets/Textures/Roof_Tiles_Terracotta_006_height.png
  artifactKey: Guid(a3fef99bd5167764eae89e079a10e100) Importer(815301076,1909f56bfc062723c751e8b465ee728b)
Start importing Assets/Textures/Roof_Tiles_Terracotta_006_height.png using Guid(a3fef99bd5167764eae89e079a10e100) Importer(815301076,1909f56bfc062723c751e8b465ee728b)  -> (artifact id: '8956b4ef7c7c36774a9bfdabfae394d3') in 0.037240 seconds
  Import took 0.046177 seconds .

========================================================================
Received Import Request.
  Time since last request: 0.000404 seconds.
  path: Assets/Textures/Wood_Roof_Tiles_001_NORM.jpg
  artifactKey: Guid(2cd37d09ee91aab4fb1b31f412f4ed45) Importer(815301076,1909f56bfc062723c751e8b465ee728b)
Start importing Assets/Textures/Wood_Roof_Tiles_001_NORM.jpg using Guid(2cd37d09ee91aab4fb1b31f412f4ed45) Importer(815301076,1909f56bfc062723c751e8b465ee728b)  -> (artifact id: 'a6ae1cf9b999146a456fc2164a00f5ce') in 0.038834 seconds
  Import took 0.044521 seconds .

========================================================================
Received Import Request.
  Time since last request: 28.498517 seconds.
  path: Assets/New Terrain.asset
  artifactKey: Guid(3af3afaf61caa8e46a054801f32634e0) Importer(815301076,1909f56bfc062723c751e8b465ee728b)
Start importing Assets/New Terrain.asset using Guid(3af3afaf61caa8e46a054801f32634e0) Importer(815301076,1909f56bfc062723c751e8b465ee728b)  -> (artifact id: '829835ca272d03fcf3d3a578e2e8a7ce') in 0.080601 seconds
  Import took 0.084614 seconds .

========================================================================
Received Prepare
Registering precompiled user dll's ...
Registered in 0.001427 seconds.
Begin MonoManager ReloadAssembly
Native extension for WindowsStandalone target not found
Native extension for OSXStandalone target not found
Native extension for WebGL target not found
Refreshing native plugins compatible for Editor in 0.49 ms, found 0 plugins.
Preloading 0 native plugins for Editor in 0.00 ms.
Warning: Annotation not found!
UnityEngine.StackTraceUtility:ExtractStackTrace ()
UnityEditor.ProBuilder.EditorUtility:SetGizmoIconEnabled (System.Type,bool) (at Library/PackageCache/com.unity.probuilder@4.4.0/Editor/EditorCore/EditorUtility.cs:593)
UnityEditor.ProBuilder.HierarchyListener:.cctor () (at Library/PackageCache/com.unity.probuilder@4.4.0/Editor/EditorCore/HierarchyListener.cs:21)
System.Runtime.CompilerServices.RuntimeHelpers:RunClassConstructor (System.RuntimeTypeHandle)
UnityEditor.EditorAssemblies:ProcessInitializeOnLoadAttributes (System.Type[])

[Library/PackageCache/com.unity.probuilder@4.4.0/Editor/EditorCore/EditorUtility.cs line 593]

Invoked RoslynAnalysisRunner static constructor.
RoslynAnalysisRunner will not be running.
RoslynAnalysisRunner has terminated.
Mono: successfully reloaded assembly
- Completed reload, in  1.384 seconds
Platform modules already initialized, skipping
Refreshing native plugins compatible for Editor in 0.41 ms, found 0 plugins.
Preloading 0 native plugins for Editor in 0.00 ms.
Unloading 1537 Unused Serialized files (Serialized files now loaded: 0)
System memory in use before: 104.1 MB.
System memory in use after: 103.9 MB.

Unloading 7 unused Assets to reduce memory usage. Loaded Objects now: 2057.
Total: 2.901200 ms (FindLiveObjects: 0.206400 ms CreateObjectMapping: 0.074900 ms MarkObjects: 2.142000 ms  DeleteObjects: 0.476500 ms)

AssetImportWorkerClient::OnTransportError - code=2 error=End of file
